[INFO ] xpf 2019-04-28 14:02:13,823 org.springframework.boot.devtools.env.DevToolsPropertyDefaultsPostProcessor - Devtools property defaults active! Set 'spring.devtools.add-properties' to 'false' to disable
[INFO ] xpf 2019-04-28 14:02:13,823 org.springframework.boot.devtools.env.DevToolsPropertyDefaultsPostProcessor - For additional web related logging consider setting the 'logging.level.web' property to 'DEBUG'
[INFO ] xpf 2019-04-28 14:02:17,121 org.springframework.boot.web.embedded.tomcat.TomcatWebServer - Tomcat initialized with port(s): 8999 (http)
[INFO ] xpf 2019-04-28 14:02:17,321 org.springframework.web.context.ContextLoader - Root WebApplicationContext: initialization completed in 3498 ms
[INFO ] xpf 2019-04-28 14:02:19,319 org.springframework.scheduling.concurrent.ThreadPoolTaskExecutor - Initializing ExecutorService 'applicationTaskExecutor'
[INFO ] xpf 2019-04-28 14:02:19,858 org.springframework.boot.devtools.autoconfigure.OptionalLiveReloadServer - LiveReload server is running on port 35729
[INFO ] xpf 2019-04-28 14:02:19,956 org.springframework.boot.web.embedded.tomcat.TomcatWebServer - Tomcat started on port(s): 8999 (http) with context path ''
[INFO ] xpf 2019-04-28 14:05:50,849 org.springframework.boot.devtools.env.DevToolsPropertyDefaultsPostProcessor - Devtools property defaults active! Set 'spring.devtools.add-properties' to 'false' to disable
[INFO ] xpf 2019-04-28 14:05:50,850 org.springframework.boot.devtools.env.DevToolsPropertyDefaultsPostProcessor - For additional web related logging consider setting the 'logging.level.web' property to 'DEBUG'
[INFO ] xpf 2019-04-28 14:05:53,122 org.springframework.boot.web.embedded.tomcat.TomcatWebServer - Tomcat initialized with port(s): 8999 (http)
[INFO ] xpf 2019-04-28 14:05:53,467 org.springframework.web.context.ContextLoader - Root WebApplicationContext: initialization completed in 2616 ms
[INFO ] xpf 2019-04-28 14:05:54,450 org.springframework.scheduling.concurrent.ThreadPoolTaskExecutor - Initializing ExecutorService 'applicationTaskExecutor'
[INFO ] xpf 2019-04-28 14:05:54,737 org.springframework.boot.devtools.autoconfigure.OptionalLiveReloadServer - LiveReload server is running on port 35729
[INFO ] xpf 2019-04-28 14:05:54,819 org.springframework.boot.web.embedded.tomcat.TomcatWebServer - Tomcat started on port(s): 8999 (http) with context path ''
[INFO ] xpf 2019-04-28 15:07:52,711 org.springframework.boot.devtools.env.DevToolsPropertyDefaultsPostProcessor - Devtools property defaults active! Set 'spring.devtools.add-properties' to 'false' to disable
[INFO ] xpf 2019-04-28 15:07:52,740 org.springframework.boot.devtools.env.DevToolsPropertyDefaultsPostProcessor - For additional web related logging consider setting the 'logging.level.web' property to 'DEBUG'
[INFO ] xpf 2019-04-28 15:07:54,257 org.springframework.context.support.PostProcessorRegistrationDelegate$BeanPostProcessorChecker - Bean 'WSConfig' of type [com.webws.xpf.config.WSConfig$$EnhancerBySpringCGLIB$$f26ac144] is not eligible for getting processed by all BeanPostProcessors (for example: not eligible for auto-proxying)
[INFO ] xpf 2019-04-28 15:07:54,260 org.springframework.context.support.PostProcessorRegistrationDelegate$BeanPostProcessorChecker - Bean 'org.springframework.ws.config.annotation.DelegatingWsConfiguration' of type [org.springframework.ws.config.annotation.DelegatingWsConfiguration$$EnhancerBySpringCGLIB$$a3c284ff] is not eligible for getting processed by all BeanPostProcessors (for example: not eligible for auto-proxying)
[INFO ] xpf 2019-04-28 15:07:54,320 org.springframework.ws.soap.addressing.server.AnnotationActionEndpointMapping - Supporting [WS-Addressing August 2004, WS-Addressing 1.0]
[INFO ] xpf 2019-04-28 15:07:55,341 org.springframework.boot.web.embedded.tomcat.TomcatWebServer - Tomcat initialized with port(s): 8999 (http)
[INFO ] xpf 2019-04-28 15:07:55,603 org.springframework.web.context.ContextLoader - Root WebApplicationContext: initialization completed in 2863 ms
[INFO ] xpf 2019-04-28 15:07:57,130 org.springframework.scheduling.concurrent.ThreadPoolTaskExecutor - Initializing ExecutorService 'applicationTaskExecutor'
[INFO ] xpf 2019-04-28 15:07:57,577 org.springframework.boot.devtools.autoconfigure.OptionalLiveReloadServer - LiveReload server is running on port 35729
[WARN ] xpf 2019-04-28 15:07:57,581 org.springframework.boot.starter.ws.WsStarterDeprecationWarningAutoConfiguration - spring-boot-starter-ws is deprecated as of Spring Boot 1.4, please migrate to spring-boot-starter-web-services
[INFO ] xpf 2019-04-28 15:07:57,688 org.springframework.boot.web.embedded.tomcat.TomcatWebServer - Tomcat started on port(s): 8999 (http) with context path ''
[INFO ] xpf 2019-04-28 15:09:44,300 org.springframework.ws.transport.http.MessageDispatcherServlet - Initializing Servlet 'messageDispatcherServlet'
[INFO ] xpf 2019-04-28 15:09:44,318 org.springframework.ws.soap.saaj.SaajSoapMessageFactory - Creating SAAJ 1.3 MessageFactory with SOAP 1.1 Protocol
[INFO ] xpf 2019-04-28 15:09:44,367 org.springframework.ws.transport.http.MessageDispatcherServlet - Completed initialization in 67 ms
[INFO ] xpf 2019-04-28 15:19:32,301 org.springframework.boot.devtools.env.DevToolsPropertyDefaultsPostProcessor - Devtools property defaults active! Set 'spring.devtools.add-properties' to 'false' to disable
[INFO ] xpf 2019-04-28 15:19:32,301 org.springframework.boot.devtools.env.DevToolsPropertyDefaultsPostProcessor - For additional web related logging consider setting the 'logging.level.web' property to 'DEBUG'
[INFO ] xpf 2019-04-28 15:19:33,844 org.springframework.context.support.PostProcessorRegistrationDelegate$BeanPostProcessorChecker - Bean 'WSConfig' of type [com.webws.xpf.config.WSConfig$$EnhancerBySpringCGLIB$$1c8d4f14] is not eligible for getting processed by all BeanPostProcessors (for example: not eligible for auto-proxying)
[INFO ] xpf 2019-04-28 15:19:33,848 org.springframework.context.support.PostProcessorRegistrationDelegate$BeanPostProcessorChecker - Bean 'org.springframework.ws.config.annotation.DelegatingWsConfiguration' of type [org.springframework.ws.config.annotation.DelegatingWsConfiguration$$EnhancerBySpringCGLIB$$cde512cf] is not eligible for getting processed by all BeanPostProcessors (for example: not eligible for auto-proxying)
[INFO ] xpf 2019-04-28 15:19:33,900 org.springframework.ws.soap.addressing.server.AnnotationActionEndpointMapping - Supporting [WS-Addressing August 2004, WS-Addressing 1.0]
[INFO ] xpf 2019-04-28 15:19:34,912 org.springframework.boot.web.embedded.tomcat.TomcatWebServer - Tomcat initialized with port(s): 8999 (http)
[INFO ] xpf 2019-04-28 15:19:35,236 org.springframework.web.context.ContextLoader - Root WebApplicationContext: initialization completed in 2935 ms
[INFO ] xpf 2019-04-28 15:19:36,341 org.springframework.scheduling.concurrent.ThreadPoolTaskExecutor - Initializing ExecutorService 'applicationTaskExecutor'
[INFO ] xpf 2019-04-28 15:19:36,794 org.springframework.boot.devtools.autoconfigure.OptionalLiveReloadServer - LiveReload server is running on port 35729
[WARN ] xpf 2019-04-28 15:19:36,798 org.springframework.boot.starter.ws.WsStarterDeprecationWarningAutoConfiguration - spring-boot-starter-ws is deprecated as of Spring Boot 1.4, please migrate to spring-boot-starter-web-services
[INFO ] xpf 2019-04-28 15:19:36,883 org.springframework.boot.web.embedded.tomcat.TomcatWebServer - Tomcat started on port(s): 8999 (http) with context path ''
[INFO ] xpf 2019-04-28 15:20:27,128 org.springframework.boot.devtools.env.DevToolsPropertyDefaultsPostProcessor - Devtools property defaults active! Set 'spring.devtools.add-properties' to 'false' to disable
[INFO ] xpf 2019-04-28 15:20:27,128 org.springframework.boot.devtools.env.DevToolsPropertyDefaultsPostProcessor - For additional web related logging consider setting the 'logging.level.web' property to 'DEBUG'
[INFO ] xpf 2019-04-28 15:20:28,826 org.springframework.context.support.PostProcessorRegistrationDelegate$BeanPostProcessorChecker - Bean 'WSConfig' of type [com.webws.xpf.config.WSConfig$$EnhancerBySpringCGLIB$$470f7b07] is not eligible for getting processed by all BeanPostProcessors (for example: not eligible for auto-proxying)
[INFO ] xpf 2019-04-28 15:20:28,830 org.springframework.context.support.PostProcessorRegistrationDelegate$BeanPostProcessorChecker - Bean 'org.springframework.ws.config.annotation.DelegatingWsConfiguration' of type [org.springframework.ws.config.annotation.DelegatingWsConfiguration$$EnhancerBySpringCGLIB$$f8673ec2] is not eligible for getting processed by all BeanPostProcessors (for example: not eligible for auto-proxying)
[INFO ] xpf 2019-04-28 15:20:28,930 org.springframework.ws.soap.addressing.server.AnnotationActionEndpointMapping - Supporting [WS-Addressing August 2004, WS-Addressing 1.0]
[INFO ] xpf 2019-04-28 15:20:29,734 org.springframework.boot.web.embedded.tomcat.TomcatWebServer - Tomcat initialized with port(s): 8999 (http)
[INFO ] xpf 2019-04-28 15:20:29,905 org.springframework.web.context.ContextLoader - Root WebApplicationContext: initialization completed in 2776 ms
[INFO ] xpf 2019-04-28 15:20:34,058 org.springframework.scheduling.concurrent.ThreadPoolTaskExecutor - Initializing ExecutorService 'applicationTaskExecutor'
[INFO ] xpf 2019-04-28 15:20:38,654 org.springframework.boot.devtools.autoconfigure.OptionalLiveReloadServer - LiveReload server is running on port 35729
[WARN ] xpf 2019-04-28 15:20:38,663 org.springframework.boot.starter.ws.WsStarterDeprecationWarningAutoConfiguration - spring-boot-starter-ws is deprecated as of Spring Boot 1.4, please migrate to spring-boot-starter-web-services
[INFO ] xpf 2019-04-28 15:20:39,146 org.springframework.boot.web.embedded.tomcat.TomcatWebServer - Tomcat started on port(s): 8999 (http) with context path ''
[INFO ] xpf 2019-04-28 15:20:43,094 org.springframework.ws.transport.http.MessageDispatcherServlet - Initializing Servlet 'messageDispatcherServlet'
[INFO ] xpf 2019-04-28 15:20:43,118 org.springframework.ws.soap.saaj.SaajSoapMessageFactory - Creating SAAJ 1.3 MessageFactory with SOAP 1.1 Protocol
[INFO ] xpf 2019-04-28 15:20:43,214 org.springframework.ws.transport.http.MessageDispatcherServlet - Completed initialization in 119 ms
